<?xml version="1.0" encoding="UTF-8"?>
<!-- Generated by org.testng.reporters.JUnitReportReporter -->
<testsuite hostname="HVTNDAL00909" failures="0" tests="2" name="com.ui.examples.parallelbrowserexecution" time="46.413" errors="0" timestamp="2024-06-05T10:53:54 IST" skipped="0">
  <testcase classname="com.ui.examples.parallelbrowserexecution" name="paralle" time="26.664"/>
  <testcase classname="com.ui.examples.parallelbrowserexecution" name="paralle" time="19.749"/>
</testsuite> <!-- com.ui.examples.parallelbrowserexecution -->
