<?xml version="1.0" encoding="UTF-8"?>
<!-- Generated by org.testng.reporters.JUnitReportReporter -->
<testsuite hostname="HVTNDAL00909" failures="0" tests="2" name="com.ui.examples.parallelbrowserexecution" time="44.322" errors="0" timestamp="2024-06-06T16:25:39 IST" skipped="0">
  <testcase classname="com.ui.examples.parallelbrowserexecution" name="paralle" time="24.961"/>
  <testcase classname="com.ui.examples.parallelbrowserexecution" name="paralle" time="19.361"/>
</testsuite> <!-- com.ui.examples.parallelbrowserexecution -->
