<?xml version="1.0" encoding="UTF-8"?>
<!-- Generated by org.testng.reporters.JUnitReportReporter -->
<testsuite hostname="HVTNDAL00909" failures="0" tests="1" name="com.ui.examples.Testng2" time="11.377" errors="0" timestamp="2024-06-05T09:31:28 IST" skipped="0">
  <testcase classname="com.ui.examples.Testng2" name="login" time="11.377"/>
</testsuite> <!-- com.ui.examples.Testng2 -->
